> 2023-08-05 15:21:02 - DEBUG - [demo.py:9] - loading the database
> 2023-08-05 15:21:03 - DEBUG - [demo.py:18] - database loaded
> 2023-08-05 15:21:03 - DEBUG - [demo.py:26] - comparing the new person with the database
> 2023-08-05 15:21:03 - DEBUG - [demo.py:29] - the new person is Robert according to the database
> 2023-08-05 15:52:15 - DEBUG - [demo.py:12] - loading the database
> 2023-08-05 15:52:16 - DEBUG - [demo.py:21] - database loaded
> 2023-08-05 15:53:00 - DEBUG - [demo.py:12] - loading the database
> 2023-08-05 15:53:00 - DEBUG - [demo.py:21] - database loaded
> 2023-08-05 15:53:00 - DEBUG - [demo.py:40] - comparing the new person with the database
> 2023-08-05 15:53:00 - DEBUG - [demo.py:43] - the new person is Robert according to the database
> 2023-08-05 15:53:00 - DEBUG - [demo.py:46] - total time: 0.28777217864990234
> 2023-08-05 15:54:36 - DEBUG - [demo.py:13] - loading the database
> 2023-08-05 15:54:36 - DEBUG - [demo.py:22] - database loaded
> 2023-08-05 15:56:55 - DEBUG - [demo.py:13] - loading the database
> 2023-08-05 15:56:56 - DEBUG - [demo.py:22] - database loaded
> 2023-08-05 15:56:56 - DEBUG - [demo.py:47] - comparing the new person with the database
> 2023-08-05 15:56:56 - DEBUG - [demo.py:50] - the new person is Robert according to the database
> 2023-08-05 15:56:56 - DEBUG - [demo.py:53] - total time: 0.2852933406829834
> 2023-08-05 17:13:18 - DEBUG - [demo.py:13] - loading the database
> 2023-08-05 17:13:18 - DEBUG - [demo.py:22] - database loaded
> 2023-08-05 17:13:19 - DEBUG - [demo.py:47] - comparing the new person with the database
> 2023-08-05 17:13:19 - DEBUG - [demo.py:50] - the new person is Robert according to the database
> 2023-08-05 17:13:19 - DEBUG - [demo.py:53] - total time: 0.2824289798736572
> 2023-08-05 17:16:40 - DEBUG - [demo.py:13] - loading the database
> 2023-08-05 17:16:41 - DEBUG - [demo.py:22] - database loaded
> 2023-08-05 17:16:41 - DEBUG - [demo.py:47] - comparing the new person with the database
> 2023-08-05 17:16:41 - DEBUG - [demo.py:50] - the new person is Robert according to the database
> 2023-08-05 17:16:41 - DEBUG - [demo.py:53] - total time: 0.2837505340576172
> 2023-08-05 19:59:55 - DEBUG - [demo.py:13] - loading the database
> 2023-08-05 19:59:56 - DEBUG - [demo.py:22] - database loaded
> 2023-08-05 19:59:56 - DEBUG - [demo.py:47] - comparing the new person with the database
> 2023-08-05 19:59:56 - DEBUG - [demo.py:50] - the new person is Robert according to the database
> 2023-08-05 19:59:56 - DEBUG - [demo.py:53] - total time: 0.2874321937561035
> 2023-08-05 20:04:40 - DEBUG - [demo.py:13] - loading the database
> 2023-08-05 20:04:40 - DEBUG - [demo.py:22] - database loaded
> 2023-08-05 20:04:40 - DEBUG - [demo.py:47] - comparing the new person with the database
> 2023-08-05 20:04:40 - DEBUG - [demo.py:50] - the new person is Robert according to the database
> 2023-08-05 20:04:40 - DEBUG - [demo.py:53] - total time: 0.28804612159729004
